  Using bundled DotNet SDK version: 6.0.302
  Running UnrealBuildTool: dotnet "..\..\Engine\Binaries\DotNET\UnrealBuildTool\UnrealBuildTool.dll" ObstacleAssaultEditor Win64 Development -Project="D:\Unreal Engine\Projects\ObstacleAssault\ObstacleAssault\ObstacleAssault.uproject" -WaitMutex -FromMsBuild
  Log file: C:\Users\ms837\AppData\Local\UnrealBuildTool\Log.txt
  Building ObstacleAssaultEditor...
  Using Visual Studio 2022 14.34.31946 toolchain (C:\Program Files\Microsoft Visual Studio\2022\Community\VC\Tools\MSVC\14.34.31933) and Windows 10.0.22621.0 SDK (C:\Program Files (x86)\Windows Kits\10).
  [Upgrade]
  [Upgrade] Using backward-compatible include order. The latest version of UE has changed the order of includes, which may require code changes. The current setting is:
  [Upgrade]     IncludeOrderVersion = EngineIncludeOrderVersion.Unreal5_0
  [Upgrade] Suppress this message by setting 'IncludeOrderVersion = EngineIncludeOrderVersion.Unreal5_2;' in ObstacleAssaultEditor.Target.cs.
  [Upgrade] Alternatively you can set this to 'EngineIncludeOrderVersion.Latest' to always use the latest include order. This will potentially cause compile errors when integrating new versions of the engine.
  [Upgrade]
  Determining max actions to execute in parallel (6 physical cores, 12 logical cores)
    Executing up to 6 processes, one per physical core
    Requested 1.5 GB free memory per action, 7.13 GB available: limiting max parallel actions to 4
  Building 6 actions with 4 processes...
  [1/6] Compile [x64] ObstacleAssault.init.gen.cpp
  [2/6] Compile [x64] MovingPlatform.gen.cpp
  [3/6] Compile [x64] MovingPlatform.cpp
  [4/6] Link [x64] UnrealEditor-ObstacleAssault.lib
     D:\Unreal Engine\Projects\ObstacleAssault\ObstacleAssault\Intermediate\Build\Win64\x64\UnrealEditor\Development\ObstacleAssault\UnrealEditor-ObstacleAssault.lib 라이브러리 및 D:\Unreal Engine\Projects\ObstacleAssault\ObstacleAssault\Intermediate\Build\Win64\x64\UnrealEditor\Development\ObstacleAssault\UnrealEditor-ObstacleAssault.exp 개체를 생성하고 있습니다.
  [5/6] Link [x64] UnrealEditor-ObstacleAssault.dll
     D:\Unreal Engine\Projects\ObstacleAssault\ObstacleAssault\Intermediate\Build\Win64\x64\UnrealEditor\Development\ObstacleAssault\UnrealEditor-ObstacleAssault.suppressed.lib 라이브러리 및 D:\Unreal Engine\Projects\ObstacleAssault\ObstacleAssault\Intermediate\Build\Win64\x64\UnrealEditor\Development\ObstacleAssault\UnrealEditor-ObstacleAssault.suppressed.exp 개체를 생성하고 있습니다.
  [6/6] WriteMetadata ObstacleAssaultEditor.target
  Total time in Parallel executor: 9.97 seconds
  Total execution time: 12.22 seconds
